2021-09-17 17:48:29.069 [main][11541] INFO  step_definations.Hooks - Launch Chrome Browser
2021-09-17 17:48:46.646 [main][29118] INFO  step_definations.Electrical - User is on the Home Page
2021-09-17 17:49:01.778 [main][44250] ERROR command_providers.ElementActions - Element Exception for the locator By.xpath: //div[@class='MyAccount__label SimpleFlyout__link--bold'][position()=1] and exception is: org.openqa.selenium.NoSuchElementException: no such element: Unable to locate element: {"method":"xpath","selector":"//div[@class='MyAccount__label SimpleFlyout__link--bold'][position()=1]"}
  (Session info: chrome=92.0.4515.159)
For documentation on this error, please visit: https://www.seleniumhq.org/exceptions/no_such_element.html
Build info: version: '3.141.59', revision: 'e82be7d358', time: '2018-11-14T08:17:03'
System info: host: 'MacBook-Pro.lan', ip: '2603:7000:cc03:42aa:0:0:0:1ae3%en0', os.name: 'Mac OS X', os.arch: 'x86_64', os.version: '10.16', java.version: '11.0.11'
Driver info: org.openqa.selenium.chrome.ChromeDriver
Capabilities {acceptInsecureCerts: false, browserName: chrome, browserVersion: 92.0.4515.159, chrome: {chromedriverVersion: 92.0.4515.107 (87a818b10553..., userDataDir: /var/folders/7h/kpzp938139d...}, goog:chromeOptions: {debuggerAddress: localhost:64265}, javascriptEnabled: true, networkConnectionEnabled: false, pageLoadStrategy: normal, platform: MAC, platformName: MAC, proxy: Proxy(), setWindowRect: true, strictFileInteractability: false, timeouts: {implicit: 0, pageLoad: 300000, script: 30000}, unhandledPromptBehavior: dismiss and notify, webauthn:extension:credBlob: true, webauthn:extension:largeBlob: true, webauthn:virtualAuthenticators: true}
Session ID: 27c40e19942bcc9fa4fa0775d44f90fc
*** Element info: {Using=xpath, value=//div[@class='MyAccount__label SimpleFlyout__link--bold'][position()=1]}
2021-09-17 17:49:01.793 [main][44265] INFO  step_definations.Hooks - Close Chrome Browser
2021-09-17 17:49:03.454 [main][45926] INFO  step_definations.Hooks - Launch Chrome Browser
2021-09-17 17:49:18.528 [main][61000] ERROR command_providers.ElementActions - Element Exception for the locator By.xpath: //div[@class='MyAccount__label SimpleFlyout__link--bold'][position()=1] and exception is: org.openqa.selenium.NoSuchElementException: no such element: Unable to locate element: {"method":"xpath","selector":"//div[@class='MyAccount__label SimpleFlyout__link--bold'][position()=1]"}
  (Session info: chrome=92.0.4515.159)
For documentation on this error, please visit: https://www.seleniumhq.org/exceptions/no_such_element.html
Build info: version: '3.141.59', revision: 'e82be7d358', time: '2018-11-14T08:17:03'
System info: host: 'MacBook-Pro.lan', ip: '2603:7000:cc03:42aa:0:0:0:1ae3%en0', os.name: 'Mac OS X', os.arch: 'x86_64', os.version: '10.16', java.version: '11.0.11'
Driver info: org.openqa.selenium.chrome.ChromeDriver
Capabilities {acceptInsecureCerts: false, browserName: chrome, browserVersion: 92.0.4515.159, chrome: {chromedriverVersion: 92.0.4515.107 (87a818b10553..., userDataDir: /var/folders/7h/kpzp938139d...}, goog:chromeOptions: {debuggerAddress: localhost:64381}, javascriptEnabled: true, networkConnectionEnabled: false, pageLoadStrategy: normal, platform: MAC, platformName: MAC, proxy: Proxy(), setWindowRect: true, strictFileInteractability: false, timeouts: {implicit: 0, pageLoad: 300000, script: 30000}, unhandledPromptBehavior: dismiss and notify, webauthn:extension:credBlob: true, webauthn:extension:largeBlob: true, webauthn:virtualAuthenticators: true}
Session ID: 3711d94e325163cac127dce92a391ecd
*** Element info: {Using=xpath, value=//div[@class='MyAccount__label SimpleFlyout__link--bold'][position()=1]}
2021-09-17 17:49:18.539 [main][61011] INFO  step_definations.Hooks - Close Chrome Browser
2021-09-17 17:49:20.067 [main][62539] INFO  step_definations.Hooks - Launch Chrome Browser
2021-09-17 17:49:35.137 [main][77609] ERROR command_providers.ElementActions - Element Exception for the locator By.xpath: //div[@class='MyAccount__label SimpleFlyout__link--bold'][position()=1] and exception is: org.openqa.selenium.NoSuchElementException: no such element: Unable to locate element: {"method":"xpath","selector":"//div[@class='MyAccount__label SimpleFlyout__link--bold'][position()=1]"}
  (Session info: chrome=92.0.4515.159)
For documentation on this error, please visit: https://www.seleniumhq.org/exceptions/no_such_element.html
Build info: version: '3.141.59', revision: 'e82be7d358', time: '2018-11-14T08:17:03'
System info: host: 'MacBook-Pro.lan', ip: '2603:7000:cc03:42aa:0:0:0:1ae3%en0', os.name: 'Mac OS X', os.arch: 'x86_64', os.version: '10.16', java.version: '11.0.11'
Driver info: org.openqa.selenium.chrome.ChromeDriver
Capabilities {acceptInsecureCerts: false, browserName: chrome, browserVersion: 92.0.4515.159, chrome: {chromedriverVersion: 92.0.4515.107 (87a818b10553..., userDataDir: /var/folders/7h/kpzp938139d...}, goog:chromeOptions: {debuggerAddress: localhost:64393}, javascriptEnabled: true, networkConnectionEnabled: false, pageLoadStrategy: normal, platform: MAC, platformName: MAC, proxy: Proxy(), setWindowRect: true, strictFileInteractability: false, timeouts: {implicit: 0, pageLoad: 300000, script: 30000}, unhandledPromptBehavior: dismiss and notify, webauthn:extension:credBlob: true, webauthn:extension:largeBlob: true, webauthn:virtualAuthenticators: true}
Session ID: 8dd527ea36f6e4e2e7cd5ba1fa621198
*** Element info: {Using=xpath, value=//div[@class='MyAccount__label SimpleFlyout__link--bold'][position()=1]}
2021-09-17 17:49:35.151 [main][77623] INFO  step_definations.Hooks - Close Chrome Browser
